2019-八月-21 00:00:54.598 INFO  [main] c.p.t.TasteApplication - Starting TasteApplication on DESKTOP-87JA6SM with PID 5012 (E:\taste\taste\target\classes started by Administrator in E:\taste\taste)
2019-八月-21 00:00:54.627 DEBUG [main] c.p.t.TasteApplication - Running with Spring Boot v2.1.7.RELEASE, Spring v5.1.9.RELEASE
2019-八月-21 00:00:54.627 INFO  [main] c.p.t.TasteApplication - The following profiles are active: dev
2019-八月-21 00:00:56.583 DEBUG [main] o.h.v.i.e.r.TraversableResolvers - Cannot find javax.persistence.Persistence on classpath. Assuming non JPA 2 environment. All properties will per default be traversable.
2019-八月-21 00:00:56.585 DEBUG [main] o.h.v.m.ResourceBundleMessageInterpolator - Loaded expression factory via original TCCL
2019-八月-21 00:00:56.588 DEBUG [main] o.h.v.i.e.r.TraversableResolvers - Cannot find javax.persistence.Persistence on classpath. Assuming non JPA 2 environment. All properties will per default be traversable.
2019-八月-21 00:00:56.588 DEBUG [main] o.h.v.i.e.ConfigurationImpl - Setting custom MessageInterpolator of type org.springframework.validation.beanvalidation.LocaleContextMessageInterpolator
2019-八月-21 00:00:56.589 DEBUG [main] o.h.v.i.e.ConfigurationImpl - Setting custom ConstraintValidatorFactory of type org.springframework.validation.beanvalidation.SpringConstraintValidatorFactory
2019-八月-21 00:00:56.589 DEBUG [main] o.h.v.i.e.ConfigurationImpl - Setting custom ParameterNameProvider of type org.springframework.validation.beanvalidation.LocalValidatorFactoryBean$1
2019-八月-21 00:00:56.590 DEBUG [main] o.h.v.i.x.c.ValidationXmlParser - Trying to load META-INF/validation.xml for XML based Validator configuration.
2019-八月-21 00:00:56.590 DEBUG [main] o.h.v.i.x.c.ResourceLoaderHelper - Trying to load META-INF/validation.xml via user class loader
2019-八月-21 00:00:56.590 DEBUG [main] o.h.v.i.x.c.ResourceLoaderHelper - Trying to load META-INF/validation.xml via TCCL
2019-八月-21 00:00:56.590 DEBUG [main] o.h.v.i.x.c.ResourceLoaderHelper - Trying to load META-INF/validation.xml via Hibernate Validator's class loader
2019-八月-21 00:00:56.591 DEBUG [main] o.h.v.i.x.c.ValidationXmlParser - No META-INF/validation.xml found. Using annotation based configuration only.
2019-八月-21 00:00:56.594 DEBUG [main] o.h.v.i.e.ValidatorFactoryImpl - HV000234: Using org.springframework.validation.beanvalidation.LocaleContextMessageInterpolator as ValidatorFactory-scoped message interpolator.
2019-八月-21 00:00:56.595 DEBUG [main] o.h.v.i.e.ValidatorFactoryImpl - HV000234: Using org.hibernate.validator.internal.engine.resolver.TraverseAllTraversableResolver as ValidatorFactory-scoped traversable resolver.
2019-八月-21 00:00:56.595 DEBUG [main] o.h.v.i.e.ValidatorFactoryImpl - HV000234: Using org.hibernate.validator.internal.util.ExecutableParameterNameProvider as ValidatorFactory-scoped parameter name provider.
2019-八月-21 00:00:56.595 DEBUG [main] o.h.v.i.e.ValidatorFactoryImpl - HV000234: Using org.hibernate.validator.internal.engine.DefaultClockProvider as ValidatorFactory-scoped clock provider.
2019-八月-21 00:00:56.595 DEBUG [main] o.h.v.i.e.ValidatorFactoryImpl - HV000234: Using org.hibernate.validator.internal.engine.scripting.DefaultScriptEvaluatorFactory as ValidatorFactory-scoped script evaluator factory.
2019-八月-21 00:00:56.870 WARN  [main] o.s.b.a.t.ThymeleafAutoConfiguration$DefaultTemplateResolverConfiguration - Cannot find template location: classpath:/templates/ (please add some templates or check your Thymeleaf configuration)
2019-八月-21 00:00:57.058 INFO  [main] c.p.t.TasteApplication - Started TasteApplication in 3.002 seconds (JVM running for 3.771)
2019-八月-21 00:00:57.060 DEBUG [main] c.p.t.TasteApplication - --Application Started--
2019-八月-21 00:10:17.993 DEBUG [background-preinit] o.h.v.i.e.ValidatorFactoryImpl - HV000234: Using org.hibernate.validator.messageinterpolation.ResourceBundleMessageInterpolator as ValidatorFactory-scoped message interpolator.
2019-八月-21 00:10:17.997 DEBUG [background-preinit] o.h.v.i.e.ValidatorFactoryImpl - HV000234: Using org.hibernate.validator.internal.engine.resolver.TraverseAllTraversableResolver as ValidatorFactory-scoped traversable resolver.
2019-八月-21 00:10:17.997 DEBUG [background-preinit] o.h.v.i.e.ValidatorFactoryImpl - HV000234: Using org.hibernate.validator.internal.util.ExecutableParameterNameProvider as ValidatorFactory-scoped parameter name provider.
2019-八月-21 00:10:17.997 DEBUG [background-preinit] o.h.v.i.e.ValidatorFactoryImpl - HV000234: Using org.hibernate.validator.internal.engine.DefaultClockProvider as ValidatorFactory-scoped clock provider.
2019-八月-21 00:10:17.998 DEBUG [background-preinit] o.h.v.i.e.ValidatorFactoryImpl - HV000234: Using org.hibernate.validator.internal.engine.scripting.DefaultScriptEvaluatorFactory as ValidatorFactory-scoped script evaluator factory.
2019-八月-21 00:10:18.071 INFO  [main] c.p.t.TasteApplication - Starting TasteApplication on DESKTOP-87JA6SM with PID 9980 (E:\taste\taste\target\classes started by Administrator in E:\taste\taste)
2019-八月-21 00:10:18.071 DEBUG [main] c.p.t.TasteApplication - Running with Spring Boot v2.1.7.RELEASE, Spring v5.1.9.RELEASE
2019-八月-21 00:10:18.071 INFO  [main] c.p.t.TasteApplication - The following profiles are active: dev
2019-八月-21 00:10:19.779 DEBUG [main] o.h.v.i.e.r.TraversableResolvers - Cannot find javax.persistence.Persistence on classpath. Assuming non JPA 2 environment. All properties will per default be traversable.
2019-八月-21 00:10:19.779 DEBUG [main] o.h.v.m.ResourceBundleMessageInterpolator - Loaded expression factory via original TCCL
2019-八月-21 00:10:19.781 DEBUG [main] o.h.v.i.e.r.TraversableResolvers - Cannot find javax.persistence.Persistence on classpath. Assuming non JPA 2 environment. All properties will per default be traversable.
2019-八月-21 00:10:19.782 DEBUG [main] o.h.v.i.e.ConfigurationImpl - Setting custom MessageInterpolator of type org.springframework.validation.beanvalidation.LocaleContextMessageInterpolator
2019-八月-21 00:10:19.783 DEBUG [main] o.h.v.i.e.ConfigurationImpl - Setting custom ConstraintValidatorFactory of type org.springframework.validation.beanvalidation.SpringConstraintValidatorFactory
2019-八月-21 00:10:19.783 DEBUG [main] o.h.v.i.e.ConfigurationImpl - Setting custom ParameterNameProvider of type org.springframework.validation.beanvalidation.LocalValidatorFactoryBean$1
2019-八月-21 00:10:19.784 DEBUG [main] o.h.v.i.x.c.ValidationXmlParser - Trying to load META-INF/validation.xml for XML based Validator configuration.
2019-八月-21 00:10:19.784 DEBUG [main] o.h.v.i.x.c.ResourceLoaderHelper - Trying to load META-INF/validation.xml via user class loader
2019-八月-21 00:10:19.784 DEBUG [main] o.h.v.i.x.c.ResourceLoaderHelper - Trying to load META-INF/validation.xml via TCCL
2019-八月-21 00:10:19.784 DEBUG [main] o.h.v.i.x.c.ResourceLoaderHelper - Trying to load META-INF/validation.xml via Hibernate Validator's class loader
2019-八月-21 00:10:19.784 DEBUG [main] o.h.v.i.x.c.ValidationXmlParser - No META-INF/validation.xml found. Using annotation based configuration only.
2019-八月-21 00:10:19.787 DEBUG [main] o.h.v.i.e.ValidatorFactoryImpl - HV000234: Using org.springframework.validation.beanvalidation.LocaleContextMessageInterpolator as ValidatorFactory-scoped message interpolator.
2019-八月-21 00:10:19.787 DEBUG [main] o.h.v.i.e.ValidatorFactoryImpl - HV000234: Using org.hibernate.validator.internal.engine.resolver.TraverseAllTraversableResolver as ValidatorFactory-scoped traversable resolver.
2019-八月-21 00:10:19.787 DEBUG [main] o.h.v.i.e.ValidatorFactoryImpl - HV000234: Using org.hibernate.validator.internal.util.ExecutableParameterNameProvider as ValidatorFactory-scoped parameter name provider.
2019-八月-21 00:10:19.787 DEBUG [main] o.h.v.i.e.ValidatorFactoryImpl - HV000234: Using org.hibernate.validator.internal.engine.DefaultClockProvider as ValidatorFactory-scoped clock provider.
2019-八月-21 00:10:19.787 DEBUG [main] o.h.v.i.e.ValidatorFactoryImpl - HV000234: Using org.hibernate.validator.internal.engine.scripting.DefaultScriptEvaluatorFactory as ValidatorFactory-scoped script evaluator factory.
2019-八月-21 00:10:20.063 WARN  [main] o.s.b.a.t.ThymeleafAutoConfiguration$DefaultTemplateResolverConfiguration - Cannot find template location: classpath:/templates/ (please add some templates or check your Thymeleaf configuration)
2019-八月-21 00:10:20.216 INFO  [main] c.p.t.TasteApplication - Started TasteApplication in 2.59 seconds (JVM running for 3.289)
2019-八月-21 00:10:20.218 DEBUG [main] c.p.t.TasteApplication - --Application Started--
2019-八月-21 00:13:44.114 INFO  [main] c.p.t.TasteApplication - Starting TasteApplication on DESKTOP-87JA6SM with PID 9964 (E:\taste\taste\target\classes started by Administrator in E:\taste\taste)
2019-八月-21 00:13:44.116 DEBUG [main] c.p.t.TasteApplication - Running with Spring Boot v2.1.7.RELEASE, Spring v5.1.9.RELEASE
2019-八月-21 00:13:44.117 INFO  [main] c.p.t.TasteApplication - The following profiles are active: dev
2019-八月-21 00:13:46.261 DEBUG [main] o.h.v.i.e.r.TraversableResolvers - Cannot find javax.persistence.Persistence on classpath. Assuming non JPA 2 environment. All properties will per default be traversable.
2019-八月-21 00:13:46.262 DEBUG [main] o.h.v.m.ResourceBundleMessageInterpolator - Loaded expression factory via original TCCL
2019-八月-21 00:13:46.264 DEBUG [main] o.h.v.i.e.r.TraversableResolvers - Cannot find javax.persistence.Persistence on classpath. Assuming non JPA 2 environment. All properties will per default be traversable.
2019-八月-21 00:13:46.265 DEBUG [main] o.h.v.i.e.ConfigurationImpl - Setting custom MessageInterpolator of type org.springframework.validation.beanvalidation.LocaleContextMessageInterpolator
2019-八月-21 00:13:46.265 DEBUG [main] o.h.v.i.e.ConfigurationImpl - Setting custom ConstraintValidatorFactory of type org.springframework.validation.beanvalidation.SpringConstraintValidatorFactory
2019-八月-21 00:13:46.266 DEBUG [main] o.h.v.i.e.ConfigurationImpl - Setting custom ParameterNameProvider of type org.springframework.validation.beanvalidation.LocalValidatorFactoryBean$1
2019-八月-21 00:13:46.266 DEBUG [main] o.h.v.i.x.c.ValidationXmlParser - Trying to load META-INF/validation.xml for XML based Validator configuration.
2019-八月-21 00:13:46.266 DEBUG [main] o.h.v.i.x.c.ResourceLoaderHelper - Trying to load META-INF/validation.xml via user class loader
2019-八月-21 00:13:46.267 DEBUG [main] o.h.v.i.x.c.ResourceLoaderHelper - Trying to load META-INF/validation.xml via TCCL
2019-八月-21 00:13:46.267 DEBUG [main] o.h.v.i.x.c.ResourceLoaderHelper - Trying to load META-INF/validation.xml via Hibernate Validator's class loader
2019-八月-21 00:13:46.267 DEBUG [main] o.h.v.i.x.c.ValidationXmlParser - No META-INF/validation.xml found. Using annotation based configuration only.
2019-八月-21 00:13:46.271 DEBUG [main] o.h.v.i.e.ValidatorFactoryImpl - HV000234: Using org.springframework.validation.beanvalidation.LocaleContextMessageInterpolator as ValidatorFactory-scoped message interpolator.
2019-八月-21 00:13:46.271 DEBUG [main] o.h.v.i.e.ValidatorFactoryImpl - HV000234: Using org.hibernate.validator.internal.engine.resolver.TraverseAllTraversableResolver as ValidatorFactory-scoped traversable resolver.
2019-八月-21 00:13:46.271 DEBUG [main] o.h.v.i.e.ValidatorFactoryImpl - HV000234: Using org.hibernate.validator.internal.util.ExecutableParameterNameProvider as ValidatorFactory-scoped parameter name provider.
2019-八月-21 00:13:46.271 DEBUG [main] o.h.v.i.e.ValidatorFactoryImpl - HV000234: Using org.hibernate.validator.internal.engine.DefaultClockProvider as ValidatorFactory-scoped clock provider.
2019-八月-21 00:13:46.271 DEBUG [main] o.h.v.i.e.ValidatorFactoryImpl - HV000234: Using org.hibernate.validator.internal.engine.scripting.DefaultScriptEvaluatorFactory as ValidatorFactory-scoped script evaluator factory.
2019-八月-21 00:13:46.566 WARN  [main] o.s.b.a.t.ThymeleafAutoConfiguration$DefaultTemplateResolverConfiguration - Cannot find template location: classpath:/templates/ (please add some templates or check your Thymeleaf configuration)
2019-八月-21 00:13:46.725 INFO  [main] c.p.t.TasteApplication - Started TasteApplication in 2.984 seconds (JVM running for 3.713)
2019-八月-21 00:13:46.727 DEBUG [main] c.p.t.TasteApplication - --Application Started--
2019-八月-21 18:53:14.227 INFO  [main] c.p.t.TasteApplication - Starting TasteApplication on DESKTOP-87JA6SM with PID 17276 (E:\taste\taste\target\classes started by Administrator in E:\taste\taste)
2019-八月-21 18:53:14.230 DEBUG [main] c.p.t.TasteApplication - Running with Spring Boot v2.1.7.RELEASE, Spring v5.1.9.RELEASE
2019-八月-21 18:53:14.230 INFO  [main] c.p.t.TasteApplication - The following profiles are active: dev
2019-八月-21 18:53:16.912 DEBUG [main] o.h.v.i.e.r.TraversableResolvers - Cannot find javax.persistence.Persistence on classpath. Assuming non JPA 2 environment. All properties will per default be traversable.
2019-八月-21 18:53:16.914 DEBUG [main] o.h.v.m.ResourceBundleMessageInterpolator - Loaded expression factory via original TCCL
2019-八月-21 18:53:16.915 DEBUG [main] o.h.v.i.e.r.TraversableResolvers - Cannot find javax.persistence.Persistence on classpath. Assuming non JPA 2 environment. All properties will per default be traversable.
2019-八月-21 18:53:16.916 DEBUG [main] o.h.v.i.e.ConfigurationImpl - Setting custom MessageInterpolator of type org.springframework.validation.beanvalidation.LocaleContextMessageInterpolator
2019-八月-21 18:53:16.916 DEBUG [main] o.h.v.i.e.ConfigurationImpl - Setting custom ConstraintValidatorFactory of type org.springframework.validation.beanvalidation.SpringConstraintValidatorFactory
2019-八月-21 18:53:16.917 DEBUG [main] o.h.v.i.e.ConfigurationImpl - Setting custom ParameterNameProvider of type org.springframework.validation.beanvalidation.LocalValidatorFactoryBean$1
2019-八月-21 18:53:16.918 DEBUG [main] o.h.v.i.x.c.ValidationXmlParser - Trying to load META-INF/validation.xml for XML based Validator configuration.
2019-八月-21 18:53:16.918 DEBUG [main] o.h.v.i.x.c.ResourceLoaderHelper - Trying to load META-INF/validation.xml via user class loader
2019-八月-21 18:53:16.918 DEBUG [main] o.h.v.i.x.c.ResourceLoaderHelper - Trying to load META-INF/validation.xml via TCCL
2019-八月-21 18:53:16.918 DEBUG [main] o.h.v.i.x.c.ResourceLoaderHelper - Trying to load META-INF/validation.xml via Hibernate Validator's class loader
2019-八月-21 18:53:16.918 DEBUG [main] o.h.v.i.x.c.ValidationXmlParser - No META-INF/validation.xml found. Using annotation based configuration only.
2019-八月-21 18:53:16.923 DEBUG [main] o.h.v.i.e.ValidatorFactoryImpl - HV000234: Using org.springframework.validation.beanvalidation.LocaleContextMessageInterpolator as ValidatorFactory-scoped message interpolator.
2019-八月-21 18:53:16.923 DEBUG [main] o.h.v.i.e.ValidatorFactoryImpl - HV000234: Using org.hibernate.validator.internal.engine.resolver.TraverseAllTraversableResolver as ValidatorFactory-scoped traversable resolver.
2019-八月-21 18:53:16.924 DEBUG [main] o.h.v.i.e.ValidatorFactoryImpl - HV000234: Using org.hibernate.validator.internal.util.ExecutableParameterNameProvider as ValidatorFactory-scoped parameter name provider.
2019-八月-21 18:53:16.924 DEBUG [main] o.h.v.i.e.ValidatorFactoryImpl - HV000234: Using org.hibernate.validator.internal.engine.DefaultClockProvider as ValidatorFactory-scoped clock provider.
2019-八月-21 18:53:16.924 DEBUG [main] o.h.v.i.e.ValidatorFactoryImpl - HV000234: Using org.hibernate.validator.internal.engine.scripting.DefaultScriptEvaluatorFactory as ValidatorFactory-scoped script evaluator factory.
2019-八月-21 18:53:17.191 WARN  [main] o.s.b.a.t.ThymeleafAutoConfiguration$DefaultTemplateResolverConfiguration - Cannot find template location: classpath:/templates/ (please add some templates or check your Thymeleaf configuration)
2019-八月-21 18:53:17.436 INFO  [main] c.p.t.TasteApplication - Started TasteApplication in 4.012 seconds (JVM running for 5.441)
2019-八月-21 18:53:17.439 DEBUG [main] c.p.t.TasteApplication - --Application Started--
2019-八月-21 18:56:10.512 INFO  [main] c.p.t.TasteApplication - Starting TasteApplication on DESKTOP-87JA6SM with PID 3716 (E:\taste\taste\target\classes started by Administrator in E:\taste\taste)
2019-八月-21 18:56:10.515 DEBUG [main] c.p.t.TasteApplication - Running with Spring Boot v2.1.7.RELEASE, Spring v5.1.9.RELEASE
2019-八月-21 18:56:10.516 INFO  [main] c.p.t.TasteApplication - The following profiles are active: dev
2019-八月-21 18:56:12.914 DEBUG [main] o.h.v.i.e.r.TraversableResolvers - Cannot find javax.persistence.Persistence on classpath. Assuming non JPA 2 environment. All properties will per default be traversable.
2019-八月-21 18:56:12.915 DEBUG [main] o.h.v.m.ResourceBundleMessageInterpolator - Loaded expression factory via original TCCL
2019-八月-21 18:56:12.917 DEBUG [main] o.h.v.i.e.r.TraversableResolvers - Cannot find javax.persistence.Persistence on classpath. Assuming non JPA 2 environment. All properties will per default be traversable.
2019-八月-21 18:56:12.918 DEBUG [main] o.h.v.i.e.ConfigurationImpl - Setting custom MessageInterpolator of type org.springframework.validation.beanvalidation.LocaleContextMessageInterpolator
2019-八月-21 18:56:12.918 DEBUG [main] o.h.v.i.e.ConfigurationImpl - Setting custom ConstraintValidatorFactory of type org.springframework.validation.beanvalidation.SpringConstraintValidatorFactory
2019-八月-21 18:56:12.918 DEBUG [main] o.h.v.i.e.ConfigurationImpl - Setting custom ParameterNameProvider of type org.springframework.validation.beanvalidation.LocalValidatorFactoryBean$1
2019-八月-21 18:56:12.919 DEBUG [main] o.h.v.i.x.c.ValidationXmlParser - Trying to load META-INF/validation.xml for XML based Validator configuration.
2019-八月-21 18:56:12.919 DEBUG [main] o.h.v.i.x.c.ResourceLoaderHelper - Trying to load META-INF/validation.xml via user class loader
2019-八月-21 18:56:12.919 DEBUG [main] o.h.v.i.x.c.ResourceLoaderHelper - Trying to load META-INF/validation.xml via TCCL
2019-八月-21 18:56:12.919 DEBUG [main] o.h.v.i.x.c.ResourceLoaderHelper - Trying to load META-INF/validation.xml via Hibernate Validator's class loader
2019-八月-21 18:56:12.919 DEBUG [main] o.h.v.i.x.c.ValidationXmlParser - No META-INF/validation.xml found. Using annotation based configuration only.
2019-八月-21 18:56:12.924 DEBUG [main] o.h.v.i.e.ValidatorFactoryImpl - HV000234: Using org.springframework.validation.beanvalidation.LocaleContextMessageInterpolator as ValidatorFactory-scoped message interpolator.
2019-八月-21 18:56:12.924 DEBUG [main] o.h.v.i.e.ValidatorFactoryImpl - HV000234: Using org.hibernate.validator.internal.engine.resolver.TraverseAllTraversableResolver as ValidatorFactory-scoped traversable resolver.
2019-八月-21 18:56:12.924 DEBUG [main] o.h.v.i.e.ValidatorFactoryImpl - HV000234: Using org.hibernate.validator.internal.util.ExecutableParameterNameProvider as ValidatorFactory-scoped parameter name provider.
2019-八月-21 18:56:12.924 DEBUG [main] o.h.v.i.e.ValidatorFactoryImpl - HV000234: Using org.hibernate.validator.internal.engine.DefaultClockProvider as ValidatorFactory-scoped clock provider.
2019-八月-21 18:56:12.925 DEBUG [main] o.h.v.i.e.ValidatorFactoryImpl - HV000234: Using org.hibernate.validator.internal.engine.scripting.DefaultScriptEvaluatorFactory as ValidatorFactory-scoped script evaluator factory.
2019-八月-21 18:56:13.162 WARN  [main] o.s.b.a.t.ThymeleafAutoConfiguration$DefaultTemplateResolverConfiguration - Cannot find template location: classpath:/templates/ (please add some templates or check your Thymeleaf configuration)
2019-八月-21 18:56:13.381 INFO  [main] c.p.t.TasteApplication - Started TasteApplication in 3.278 seconds (JVM running for 4.154)
2019-八月-21 18:56:13.383 DEBUG [main] c.p.t.TasteApplication - --Application Started--
2019-八月-21 18:56:41.782 INFO  [main] c.p.t.TasteApplication - Starting TasteApplication on DESKTOP-87JA6SM with PID 17796 (E:\taste\taste\target\classes started by Administrator in E:\taste\taste)
2019-八月-21 18:56:41.798 DEBUG [main] c.p.t.TasteApplication - Running with Spring Boot v2.1.7.RELEASE, Spring v5.1.9.RELEASE
2019-八月-21 18:56:41.798 INFO  [main] c.p.t.TasteApplication - The following profiles are active: dev
2019-八月-21 18:56:43.969 DEBUG [main] o.h.v.i.e.r.TraversableResolvers - Cannot find javax.persistence.Persistence on classpath. Assuming non JPA 2 environment. All properties will per default be traversable.
2019-八月-21 18:56:43.971 DEBUG [main] o.h.v.m.ResourceBundleMessageInterpolator - Loaded expression factory via original TCCL
2019-八月-21 18:56:43.974 DEBUG [main] o.h.v.i.e.r.TraversableResolvers - Cannot find javax.persistence.Persistence on classpath. Assuming non JPA 2 environment. All properties will per default be traversable.
2019-八月-21 18:56:43.974 DEBUG [main] o.h.v.i.e.ConfigurationImpl - Setting custom MessageInterpolator of type org.springframework.validation.beanvalidation.LocaleContextMessageInterpolator
2019-八月-21 18:56:43.975 DEBUG [main] o.h.v.i.e.ConfigurationImpl - Setting custom ConstraintValidatorFactory of type org.springframework.validation.beanvalidation.SpringConstraintValidatorFactory
2019-八月-21 18:56:43.975 DEBUG [main] o.h.v.i.e.ConfigurationImpl - Setting custom ParameterNameProvider of type org.springframework.validation.beanvalidation.LocalValidatorFactoryBean$1
2019-八月-21 18:56:43.976 DEBUG [main] o.h.v.i.x.c.ValidationXmlParser - Trying to load META-INF/validation.xml for XML based Validator configuration.
2019-八月-21 18:56:43.976 DEBUG [main] o.h.v.i.x.c.ResourceLoaderHelper - Trying to load META-INF/validation.xml via user class loader
2019-八月-21 18:56:43.976 DEBUG [main] o.h.v.i.x.c.ResourceLoaderHelper - Trying to load META-INF/validation.xml via TCCL
2019-八月-21 18:56:43.976 DEBUG [main] o.h.v.i.x.c.ResourceLoaderHelper - Trying to load META-INF/validation.xml via Hibernate Validator's class loader
2019-八月-21 18:56:43.977 DEBUG [main] o.h.v.i.x.c.ValidationXmlParser - No META-INF/validation.xml found. Using annotation based configuration only.
2019-八月-21 18:56:43.981 DEBUG [main] o.h.v.i.e.ValidatorFactoryImpl - HV000234: Using org.springframework.validation.beanvalidation.LocaleContextMessageInterpolator as ValidatorFactory-scoped message interpolator.
2019-八月-21 18:56:43.981 DEBUG [main] o.h.v.i.e.ValidatorFactoryImpl - HV000234: Using org.hibernate.validator.internal.engine.resolver.TraverseAllTraversableResolver as ValidatorFactory-scoped traversable resolver.
2019-八月-21 18:56:43.981 DEBUG [main] o.h.v.i.e.ValidatorFactoryImpl - HV000234: Using org.hibernate.validator.internal.util.ExecutableParameterNameProvider as ValidatorFactory-scoped parameter name provider.
2019-八月-21 18:56:43.981 DEBUG [main] o.h.v.i.e.ValidatorFactoryImpl - HV000234: Using org.hibernate.validator.internal.engine.DefaultClockProvider as ValidatorFactory-scoped clock provider.
2019-八月-21 18:56:43.981 DEBUG [main] o.h.v.i.e.ValidatorFactoryImpl - HV000234: Using org.hibernate.validator.internal.engine.scripting.DefaultScriptEvaluatorFactory as ValidatorFactory-scoped script evaluator factory.
2019-八月-21 18:56:44.227 WARN  [main] o.s.b.a.t.ThymeleafAutoConfiguration$DefaultTemplateResolverConfiguration - Cannot find template location: classpath:/templates/ (please add some templates or check your Thymeleaf configuration)
2019-八月-21 18:56:44.442 INFO  [main] c.p.t.TasteApplication - Started TasteApplication in 3.106 seconds (JVM running for 3.85)
2019-八月-21 18:56:44.444 DEBUG [main] c.p.t.TasteApplication - --Application Started--
2019-八月-21 18:59:38.045 INFO  [main] c.p.t.TasteApplication - Starting TasteApplication on DESKTOP-87JA6SM with PID 10316 (E:\taste\taste\target\classes started by Administrator in E:\taste\taste)
2019-八月-21 18:59:38.048 DEBUG [main] c.p.t.TasteApplication - Running with Spring Boot v2.1.7.RELEASE, Spring v5.1.9.RELEASE
2019-八月-21 18:59:38.049 INFO  [main] c.p.t.TasteApplication - The following profiles are active: dev
2019-八月-21 18:59:40.596 DEBUG [main] o.h.v.i.e.r.TraversableResolvers - Cannot find javax.persistence.Persistence on classpath. Assuming non JPA 2 environment. All properties will per default be traversable.
2019-八月-21 18:59:40.597 DEBUG [main] o.h.v.m.ResourceBundleMessageInterpolator - Loaded expression factory via original TCCL
2019-八月-21 18:59:40.600 DEBUG [main] o.h.v.i.e.r.TraversableResolvers - Cannot find javax.persistence.Persistence on classpath. Assuming non JPA 2 environment. All properties will per default be traversable.
2019-八月-21 18:59:40.601 DEBUG [main] o.h.v.i.e.ConfigurationImpl - Setting custom MessageInterpolator of type org.springframework.validation.beanvalidation.LocaleContextMessageInterpolator
2019-八月-21 18:59:40.601 DEBUG [main] o.h.v.i.e.ConfigurationImpl - Setting custom ConstraintValidatorFactory of type org.springframework.validation.beanvalidation.SpringConstraintValidatorFactory
2019-八月-21 18:59:40.602 DEBUG [main] o.h.v.i.e.ConfigurationImpl - Setting custom ParameterNameProvider of type org.springframework.validation.beanvalidation.LocalValidatorFactoryBean$1
2019-八月-21 18:59:40.603 DEBUG [main] o.h.v.i.x.c.ValidationXmlParser - Trying to load META-INF/validation.xml for XML based Validator configuration.
2019-八月-21 18:59:40.603 DEBUG [main] o.h.v.i.x.c.ResourceLoaderHelper - Trying to load META-INF/validation.xml via user class loader
2019-八月-21 18:59:40.603 DEBUG [main] o.h.v.i.x.c.ResourceLoaderHelper - Trying to load META-INF/validation.xml via TCCL
2019-八月-21 18:59:40.603 DEBUG [main] o.h.v.i.x.c.ResourceLoaderHelper - Trying to load META-INF/validation.xml via Hibernate Validator's class loader
2019-八月-21 18:59:40.603 DEBUG [main] o.h.v.i.x.c.ValidationXmlParser - No META-INF/validation.xml found. Using annotation based configuration only.
2019-八月-21 18:59:40.606 DEBUG [main] o.h.v.i.e.ValidatorFactoryImpl - HV000234: Using org.springframework.validation.beanvalidation.LocaleContextMessageInterpolator as ValidatorFactory-scoped message interpolator.
2019-八月-21 18:59:40.606 DEBUG [main] o.h.v.i.e.ValidatorFactoryImpl - HV000234: Using org.hibernate.validator.internal.engine.resolver.TraverseAllTraversableResolver as ValidatorFactory-scoped traversable resolver.
2019-八月-21 18:59:40.607 DEBUG [main] o.h.v.i.e.ValidatorFactoryImpl - HV000234: Using org.hibernate.validator.internal.util.ExecutableParameterNameProvider as ValidatorFactory-scoped parameter name provider.
2019-八月-21 18:59:40.607 DEBUG [main] o.h.v.i.e.ValidatorFactoryImpl - HV000234: Using org.hibernate.validator.internal.engine.DefaultClockProvider as ValidatorFactory-scoped clock provider.
2019-八月-21 18:59:40.607 DEBUG [main] o.h.v.i.e.ValidatorFactoryImpl - HV000234: Using org.hibernate.validator.internal.engine.scripting.DefaultScriptEvaluatorFactory as ValidatorFactory-scoped script evaluator factory.
2019-八月-21 18:59:40.847 WARN  [main] o.s.b.a.t.ThymeleafAutoConfiguration$DefaultTemplateResolverConfiguration - Cannot find template location: classpath:/templates/ (please add some templates or check your Thymeleaf configuration)
2019-八月-21 18:59:41.086 INFO  [main] c.p.t.TasteApplication - Started TasteApplication in 3.435 seconds (JVM running for 4.245)
2019-八月-21 18:59:41.088 DEBUG [main] c.p.t.TasteApplication - --Application Started--
2019-八月-21 19:02:08.247 INFO  [main] c.p.t.TasteApplication - Starting TasteApplication on DESKTOP-87JA6SM with PID 7056 (E:\taste\taste\target\classes started by Administrator in E:\taste\taste)
2019-八月-21 19:02:08.249 DEBUG [main] c.p.t.TasteApplication - Running with Spring Boot v2.1.7.RELEASE, Spring v5.1.9.RELEASE
2019-八月-21 19:02:08.249 INFO  [main] c.p.t.TasteApplication - The following profiles are active: dev
2019-八月-21 19:02:10.707 DEBUG [main] o.h.v.i.e.r.TraversableResolvers - Cannot find javax.persistence.Persistence on classpath. Assuming non JPA 2 environment. All properties will per default be traversable.
2019-八月-21 19:02:10.708 DEBUG [main] o.h.v.m.ResourceBundleMessageInterpolator - Loaded expression factory via original TCCL
2019-八月-21 19:02:10.710 DEBUG [main] o.h.v.i.e.r.TraversableResolvers - Cannot find javax.persistence.Persistence on classpath. Assuming non JPA 2 environment. All properties will per default be traversable.
2019-八月-21 19:02:10.711 DEBUG [main] o.h.v.i.e.ConfigurationImpl - Setting custom MessageInterpolator of type org.springframework.validation.beanvalidation.LocaleContextMessageInterpolator
2019-八月-21 19:02:10.712 DEBUG [main] o.h.v.i.e.ConfigurationImpl - Setting custom ConstraintValidatorFactory of type org.springframework.validation.beanvalidation.SpringConstraintValidatorFactory
2019-八月-21 19:02:10.713 DEBUG [main] o.h.v.i.e.ConfigurationImpl - Setting custom ParameterNameProvider of type org.springframework.validation.beanvalidation.LocalValidatorFactoryBean$1
2019-八月-21 19:02:10.713 DEBUG [main] o.h.v.i.x.c.ValidationXmlParser - Trying to load META-INF/validation.xml for XML based Validator configuration.
2019-八月-21 19:02:10.713 DEBUG [main] o.h.v.i.x.c.ResourceLoaderHelper - Trying to load META-INF/validation.xml via user class loader
2019-八月-21 19:02:10.714 DEBUG [main] o.h.v.i.x.c.ResourceLoaderHelper - Trying to load META-INF/validation.xml via TCCL
2019-八月-21 19:02:10.714 DEBUG [main] o.h.v.i.x.c.ResourceLoaderHelper - Trying to load META-INF/validation.xml via Hibernate Validator's class loader
2019-八月-21 19:02:10.714 DEBUG [main] o.h.v.i.x.c.ValidationXmlParser - No META-INF/validation.xml found. Using annotation based configuration only.
2019-八月-21 19:02:10.719 DEBUG [main] o.h.v.i.e.ValidatorFactoryImpl - HV000234: Using org.springframework.validation.beanvalidation.LocaleContextMessageInterpolator as ValidatorFactory-scoped message interpolator.
2019-八月-21 19:02:10.719 DEBUG [main] o.h.v.i.e.ValidatorFactoryImpl - HV000234: Using org.hibernate.validator.internal.engine.resolver.TraverseAllTraversableResolver as ValidatorFactory-scoped traversable resolver.
2019-八月-21 19:02:10.720 DEBUG [main] o.h.v.i.e.ValidatorFactoryImpl - HV000234: Using org.hibernate.validator.internal.util.ExecutableParameterNameProvider as ValidatorFactory-scoped parameter name provider.
2019-八月-21 19:02:10.720 DEBUG [main] o.h.v.i.e.ValidatorFactoryImpl - HV000234: Using org.hibernate.validator.internal.engine.DefaultClockProvider as ValidatorFactory-scoped clock provider.
2019-八月-21 19:02:10.720 DEBUG [main] o.h.v.i.e.ValidatorFactoryImpl - HV000234: Using org.hibernate.validator.internal.engine.scripting.DefaultScriptEvaluatorFactory as ValidatorFactory-scoped script evaluator factory.
2019-八月-21 19:02:10.972 WARN  [main] o.s.b.a.t.ThymeleafAutoConfiguration$DefaultTemplateResolverConfiguration - Cannot find template location: classpath:/templates/ (please add some templates or check your Thymeleaf configuration)
2019-八月-21 19:02:11.200 INFO  [main] c.p.t.TasteApplication - Started TasteApplication in 3.463 seconds (JVM running for 4.341)
2019-八月-21 19:02:11.203 DEBUG [main] c.p.t.TasteApplication - --Application Started--
2019-八月-21 19:02:25.118 DEBUG [http-nio-9090-exec-1] c.p.t.m.A.insertSelective - ==>  Preparing: insert into article ( ARTICLE_ID, ARTICLE_TITLE, ARTICLE_STATUS, ARTICLE_USER_ID, ARTICLE_TIME ) values ( ?, ?, ?, ?, ? ) 
2019-八月-21 19:02:25.134 DEBUG [http-nio-9090-exec-1] c.p.t.m.A.insertSelective - ==> Parameters: a27be90117e54733975abf5a7e89dd26(String), 测试5(String), 0(Integer), 1(String), 2019-08-21 19:02:23.482(Timestamp)
2019-八月-21 19:02:25.258 DEBUG [http-nio-9090-exec-1] c.p.t.m.A.insertSelective - <==    Updates: 1
2019-八月-21 19:02:48.728 DEBUG [http-nio-9090-exec-3] c.p.t.m.A.insertSelective - ==>  Preparing: insert into article ( ARTICLE_ID, ARTICLE_TITLE, ARTICLE_STATUS, ARTICLE_USER_ID, ARTICLE_TIME ) values ( ?, ?, ?, ?, ? ) 
2019-八月-21 19:02:48.729 DEBUG [http-nio-9090-exec-3] c.p.t.m.A.insertSelective - ==> Parameters: ea76c123cabf432aa7deff6d40486fa1(String), 测试6(String), 0(Integer), 1(String), 2019-08-21 19:02:48.244(Timestamp)
2019-八月-21 19:02:48.852 DEBUG [http-nio-9090-exec-3] c.p.t.m.A.insertSelective - <==    Updates: 1
